{"$message_type":"diagnostic","message":"variable does not need to be mutable","code":{"code":"unused_mut","explanation":null},"level":"warning","spans":[{"file_name":"src/main.rs","byte_start":262,"byte_end":269,"line_start":14,"line_end":14,"column_start":9,"column_end":16,"is_primary":true,"text":[{"text":"    let mut rcc = dp.RCC.constrain();","highlight_start":9,"highlight_end":16}],"label":null,"suggested_replacement":null,"suggestion_applicability":null,"expansion":null}],"children":[{"message":"`#[warn(unused_mut)]` (part of `#[warn(unused)]`) on by default","code":null,"level":"note","spans":[],"children":[],"rendered":null},{"message":"remove this `mut`","code":null,"level":"help","spans":[{"file_name":"src/main.rs","byte_start":262,"byte_end":266,"line_start":14,"line_end":14,"column_start":9,"column_end":13,"is_primary":true,"text":[{"text":"    let mut rcc = dp.RCC.constrain();","highlight_start":9,"highlight_end":13}],"label":null,"suggested_replacement":"","suggestion_applicability":"MachineApplicable","expansion":null}],"children":[],"rendered":null}],"rendered":"\u001b[1m\u001b[33mwarning\u001b[0m\u001b[1m: variable does not need to be mutable\u001b[0m\n  \u001b[1m\u001b[94m--> \u001b[0msrc/main.rs:14:9\n   \u001b[1m\u001b[94m|\u001b[0m\n\u001b[1m\u001b[94m14\u001b[0m \u001b[1m\u001b[94m|\u001b[0m     let mut rcc = dp.RCC.constrain();\n   \u001b[1m\u001b[94m|\u001b[0m         \u001b[1m\u001b[94m----\u001b[0m\u001b[1m\u001b[33m^^^\u001b[0m\n   \u001b[1m\u001b[94m|\u001b[0m         \u001b[1m\u001b[94m|\u001b[0m\n   \u001b[1m\u001b[94m|\u001b[0m         \u001b[1m\u001b[94mhelp: remove this `mut`\u001b[0m\n   \u001b[1m\u001b[94m|\u001b[0m\n   \u001b[1m\u001b[94m= \u001b[0m\u001b[1mnote\u001b[0m: `#[warn(unused_mut)]` (part of `#[warn(unused)]`) on by default\n\n"}
{"$message_type":"diagnostic","message":"linking with `rust-lld` failed: exit status: 1","code":null,"level":"error","spans":[],"children":[{"message":" \"rust-lld\" \"-flavor\" \"gnu\" \"<1 object files omitted>\" \"--as-needed\" \"-Bstatic\" \"/tmp/rustcpKHoFC/libcortex_m-9e5895305b23acb6.rlib\" \"<sysroot>/lib/rustlib/thumbv7m-none-eabi/lib/libcompiler_builtins-*.rlib\" \"-L\" \"/tmp/rustcpKHoFC/raw-dylibs\" \"-Bdynamic\" \"--eh-frame-hdr\" \"-z\" \"noexecstack\" \"-L\" \"crates/firmware\" \"-L\" \"/home/andrii/Projects/labwired/crates/firmware-hal-test/target/thumbv7m-none-eabi/release/build/firmware-hal-test-83cabd9b2e5d9cf3/out\" \"-L\" \"/home/andrii/Projects/labwired/crates/firmware-hal-test/target/thumbv7m-none-eabi/release/build/cortex-m-a55d90d8e003472f/out\" \"-L\" \"/home/andrii/Projects/labwired/crates/firmware-hal-test/target/thumbv7m-none-eabi/release/build/cortex-m-rt-d7c0e9e867c1b450/out\" \"-L\" \"/home/andrii/Projects/labwired/crates/firmware-hal-test/target/thumbv7m-none-eabi/release/build/stm32f1-c40d4dc4eb199a88/out\" \"-o\" \"/home/andrii/Projects/labwired/crates/firmware-hal-test/target/thumbv7m-none-eabi/release/deps/firmware_hal_test-fce96af2bf2545fa\" \"--gc-sections\" \"--strip-debug\" \"-Tlink.x\" \"-Tlink.x\"","code":null,"level":"note","spans":[],"children":[],"rendered":null},{"message":"some arguments are omitted. use `--verbose` to show all linker arguments","code":null,"level":"note","spans":[],"children":[],"rendered":null},{"message":"rust-lld: error: memory.x:3: region 'FLASH' already defined\n>>>   FLASH : ORIGIN = 0x08000000, LENGTH = 64K\n>>>                                         ^\n","code":null,"level":"note","spans":[],"children":[],"rendered":null}],"rendered":"\u001b[1m\u001b[91merror\u001b[0m\u001b[1m: linking with `rust-lld` failed: exit status: 1\u001b[0m\n  \u001b[1m\u001b[94m|\u001b[0m\n  \u001b[1m\u001b[94m= \u001b[0m\u001b[1mnote\u001b[0m:  \"rust-lld\" \"-flavor\" \"gnu\" \"<1 object files omitted>\" \"--as-needed\" \"-Bstatic\" \"/tmp/rustcpKHoFC/libcortex_m-9e5895305b23acb6.rlib\" \"<sysroot>/lib/rustlib/thumbv7m-none-eabi/lib/libcompiler_builtins-*.rlib\" \"-L\" \"/tmp/rustcpKHoFC/raw-dylibs\" \"-Bdynamic\" \"--eh-frame-hdr\" \"-z\" \"noexecstack\" \"-L\" \"crates/firmware\" \"-L\" \"/home/andrii/Projects/labwired/crates/firmware-hal-test/target/thumbv7m-none-eabi/release/build/firmware-hal-test-83cabd9b2e5d9cf3/out\" \"-L\" \"/home/andrii/Projects/labwired/crates/firmware-hal-test/target/thumbv7m-none-eabi/release/build/cortex-m-a55d90d8e003472f/out\" \"-L\" \"/home/andrii/Projects/labwired/crates/firmware-hal-test/target/thumbv7m-none-eabi/release/build/cortex-m-rt-d7c0e9e867c1b450/out\" \"-L\" \"/home/andrii/Projects/labwired/crates/firmware-hal-test/target/thumbv7m-none-eabi/release/build/stm32f1-c40d4dc4eb199a88/out\" \"-o\" \"/home/andrii/Projects/labwired/crates/firmware-hal-test/target/thumbv7m-none-eabi/release/deps/firmware_hal_test-fce96af2bf2545fa\" \"--gc-sections\" \"--strip-debug\" \"-Tlink.x\" \"-Tlink.x\"\n  \u001b[1m\u001b[94m= \u001b[0m\u001b[1mnote\u001b[0m: some arguments are omitted. use `--verbose` to show all linker arguments\n  \u001b[1m\u001b[94m= \u001b[0m\u001b[1mnote\u001b[0m: rust-lld: error: memory.x:3: region 'FLASH' already defined\n          >>>   FLASH : ORIGIN = 0x08000000, LENGTH = 64K\n          >>>                                         ^\n          \n\n"}
{"$message_type":"diagnostic","message":"aborting due to 1 previous error; 1 warning emitted","code":null,"level":"error","spans":[],"children":[],"rendered":"\u001b[1m\u001b[91merror\u001b[0m\u001b[1m: aborting due to 1 previous error; 1 warning emitted\u001b[0m\n\n"}
